<?xml version="1.0" encoding="UTF-8"?>
<testsuite xmlns:xsi="http://www.w3.org/2001/XMLSchema-instance" xsi:noNamespaceSchemaLocation="https://maven.apache.org/surefire/maven-surefire-plugin/xsd/surefire-test-report-3.0.xsd" version="3.0" name="TestSuite" time="35.346" tests="4" errors="0" skipped="0" failures="1">
  <properties>
[...]
</properties>
  <testcase name="checkSignUpFunctionality" classname="com.qacart.todo.testcases.SignupTest" time="9.23">
    <system-out><![CDATA[Request method:	POST
Request URI:	https://qacart-todo.herokuapp.com/api/v1/users/register
Proxy:			<none>
Request params:	<none>
Query params:	<none>
Form params:	<none>
Path params:	<none>
Headers:		Accept=*/*
				Content-Type=application/json
Cookies:		<none>
Multiparts:		<none>
Body:
{
    "email": "leonia.waelchi@hotmail.com",
    "firstName": "Tama",
    "lastName": "Davis",
    "password": "9mbkqsxkx3llnjx"
}
HTTP/1.1 201 Created
Server: Cowboy
Report-To: {"group":"heroku-nel","max_age":3600,"endpoints":[{"url":"https://nel.heroku.com/reports?ts=1700986444&sid=812dcc77-0bd0-43b1-a5f1-b25750382959&s=7zK4ltcSPc5F2ty8CB%2FnlwtYStgkFImr5nkIz8B8Sr4%3D"}]}
Reporting-Endpoints: heroku-nel=https://nel.heroku.com/reports?ts=1700986444&sid=812dcc77-0bd0-43b1-a5f1-b25750382959&s=7zK4ltcSPc5F2ty8CB%2FnlwtYStgkFImr5nkIz8B8Sr4%3D
Nel: {"report_to":"heroku-nel","max_age":3600,"success_fraction":0.005,"failure_fraction":0.05,"response_headers":["Via"]}
Connection: keep-alive
X-Powered-By: Express
Access-Control-Allow-Origin: *
Set-Cookie: access_token=eyJhbGciOiJIUzI1NiIsInR5cCI6IkpXVCJ9.eyJpZCI6IjY1NjJmZTRjZTQ1ZjExMDAxNGNlOTVhMyIsImZpcnN0TmFtZSI6IlRhbWEiLCJsYXN0TmFtZSI6IkRhdmlzIiwiaWF0IjoxNzAwOTg2NDQ0fQ.FdAgAKsJwIKnzr5OSlMP5e8GbzAjnDvfn2eLcOLLHGg; Path=/
Set-Cookie: userID=j%3A%226562fe4ce45f110014ce95a3%22; Path=/
Set-Cookie: firstName=Tama; Path=/
Content-Type: application/json; charset=utf-8
Content-Length: 273
Etag: W/"111-wUVQKvSRqHZ0YXevoDCSX5mM1Qg"
Date: Sun, 26 Nov 2023 08:14:04 GMT
Via: 1.1 vegur

{
    "access_token": "eyJhbGciOiJIUzI1NiIsInR5cCI6IkpXVCJ9.eyJpZCI6IjY1NjJmZTRjZTQ1ZjExMDAxNGNlOTVhMyIsImZpcnN0TmFtZSI6IlRhbWEiLCJsYXN0TmFtZSI6IkRhdmlzIiwiaWF0IjoxNzAwOTg2NDQ0fQ.FdAgAKsJwIKnzr5OSlMP5e8GbzAjnDvfn2eLcOLLHGg",
    "userID": "6562fe4ce45f110014ce95a3",
    "firstName": "Tama"
}
]]></system-out>
    <system-err><![CDATA[SLF4J: No SLF4J providers were found.
SLF4J: Defaulting to no-operation (NOP) logger implementation
SLF4J: See https://www.slf4j.org/codes.html#noProviders for further details.
Nov 26, 2023 11:13:55 AM org.openqa.selenium.devtools.CdpVersionFinder findNearestMatch
WARNING: Unable to find an exact match for CDP version 119, so returning the closest version found: 116
Nov 26, 2023 11:13:55 AM org.openqa.selenium.devtools.CdpVersionFinder findNearestMatch
WARNING: Unable to find an exact match for CDP version 119, so returning the closest version found: 116
]]></system-err>
  </testcase>
  <testcase name="checkfunctionalityOfLogin" classname="com.qacart.todo.testcases.SignupTest" time="5.049">
    <system-out><![CDATA[HTTP/1.1 201 Created
Server: Cowboy
Report-To: {"group":"heroku-nel","max_age":3600,"endpoints":[{"url":"https://nel.heroku.com/reports?ts=1700986447&sid=812dcc77-0bd0-43b1-a5f1-b25750382959&s=eJKpQxfMZe4Ecf3%2Fac9vhjXGx1N39JU4nZRFgXanjug%3D"}]}
Reporting-Endpoints: heroku-nel=https://nel.heroku.com/reports?ts=1700986447&sid=812dcc77-0bd0-43b1-a5f1-b25750382959&s=eJKpQxfMZe4Ecf3%2Fac9vhjXGx1N39JU4nZRFgXanjug%3D
Nel: {"report_to":"heroku-nel","max_age":3600,"success_fraction":0.005,"failure_fraction":0.05,"response_headers":["Via"]}
Connection: keep-alive
X-Powered-By: Express
Access-Control-Allow-Origin: *
Content-Type: application/json; charset=utf-8
Content-Length: 160
Etag: W/"a0-t/b/jjc2CMEEmb4d0grdRxmunIo"
Date: Sun, 26 Nov 2023 08:14:07 GMT
Via: 1.1 vegur

{
    "isCompleted": false,
    "_id": "6562fe4fe45f110014ce95a6",
    "item": "Learn testing",
    "userID": "6562fe4ce45f110014ce95a3",
    "createdAt": "2023-11-26T08:14:07.581Z",
    "__v": 0
}
]]></system-out>
    <system-err><![CDATA[Nov 26, 2023 11:14:06 AM org.openqa.selenium.devtools.CdpVersionFinder findNearestMatch
WARNING: Unable to find an exact match for CDP version 119, so returning the closest version found: 116
]]></system-err>
  </testcase>
  <testcase name="checkFunctionOfDeleteTask" classname="com.qacart.todo.testcases.TodoTest" time="7.139"/>
  <testcase name="checkFunctionalityOfAddTask" classname="com.qacart.todo.testcases.TodoTest" time="8.496">
    <failure message="expected [New Task Today] but found [My first task]" type="java.lang.AssertionError"><![CDATA[java.lang.AssertionError: expected [New Task Today] but found [My first task]
	at org.testng.Assert.fail(Assert.java:111)
	at org.testng.Assert.failNotEquals(Assert.java:1578)
	at org.testng.Assert.assertEqualsImpl(Assert.java:150)
	at org.testng.Assert.assertEquals(Assert.java:132)
	at org.testng.Assert.assertEquals(Assert.java:656)
	at org.testng.Assert.assertEquals(Assert.java:666)
	at com.qacart.todo.testcases.TodoTest.checkFunctionalityOfAddTask(TodoTest.java:44)
	at java.base/jdk.internal.reflect.DirectMethodHandleAccessor.invoke(DirectMethodHandleAccessor.java:104)
	at java.base/java.lang.reflect.Method.invoke(Method.java:578)
	at org.testng.internal.invokers.MethodInvocationHelper.invokeMethod(MethodInvocationHelper.java:139)
	at org.testng.internal.invokers.TestInvoker.invokeMethod(TestInvoker.java:664)
	at org.testng.internal.invokers.TestInvoker.invokeTestMethod(TestInvoker.java:227)
	at org.testng.internal.invokers.MethodRunner.runInSequence(MethodRunner.java:50)
	at org.testng.internal.invokers.TestInvoker$MethodInvocationAgent.invoke(TestInvoker.java:957)
	at org.testng.internal.invokers.TestInvoker.invokeTestMethods(TestInvoker.java:200)
	at org.testng.internal.invokers.TestMethodWorker.invokeTestMethods(TestMethodWorker.java:148)
	at org.testng.internal.invokers.TestMethodWorker.run(TestMethodWorker.java:128)
	at java.base/java.util.concurrent.ThreadPoolExecutor.runWorker(ThreadPoolExecutor.java:1144)
	at java.base/java.util.concurrent.ThreadPoolExecutor$Worker.run(ThreadPoolExecutor.java:642)
	at java.base/java.lang.Thread.run(Thread.java:1589)
]]></failure>
    <system-out><![CDATA[Request method:	POST
Request URI:	https://qacart-todo.herokuapp.com/api/v1/users/register
Proxy:			<none>
Request params:	<none>
Query params:	<none>
Form params:	<none>
Path params:	<none>
Headers:		Accept=*/*
				Content-Type=application/json
Cookies:		<none>
Multiparts:		<none>
Body:
{
    "email": "thi.vandervort@yahoo.com",
    "firstName": "Ray",
    "lastName": "Cummerata",
    "password": "2n0mg9strny5fk7"
}
HTTP/1.1 201 Created
Server: Cowboy
Report-To: {"group":"heroku-nel","max_age":3600,"endpoints":[{"url":"https://nel.heroku.com/reports?ts=1700986456&sid=812dcc77-0bd0-43b1-a5f1-b25750382959&s=cYEbti0VkGVFCuWqy8lgTm4HAr6jRxa7fh1YW2CYaPQ%3D"}]}
Reporting-Endpoints: heroku-nel=https://nel.heroku.com/reports?ts=1700986456&sid=812dcc77-0bd0-43b1-a5f1-b25750382959&s=cYEbti0VkGVFCuWqy8lgTm4HAr6jRxa7fh1YW2CYaPQ%3D
Nel: {"report_to":"heroku-nel","max_age":3600,"success_fraction":0.005,"failure_fraction":0.05,"response_headers":["Via"]}
Connection: keep-alive
X-Powered-By: Express
Access-Control-Allow-Origin: *
Set-Cookie: access_token=eyJhbGciOiJIUzI1NiIsInR5cCI6IkpXVCJ9.eyJpZCI6IjY1NjJmZTU4ZTQ1ZjExMDAxNGNlOTVhZCIsImZpcnN0TmFtZSI6IlJheSIsImxhc3ROYW1lIjoiQ3VtbWVyYXRhIiwiaWF0IjoxNzAwOTg2NDU2fQ.pAxi39CxB8Pr0_KVNJLohRN9UoGd_uat4rMdUbx0AzM; Path=/
Set-Cookie: userID=j%3A%226562fe58e45f110014ce95ad%22; Path=/
Set-Cookie: firstName=Ray; Path=/
Content-Type: application/json; charset=utf-8
Content-Length: 276
Etag: W/"114-7kvbT6GoYZlvu1yLCNW9LljRkGE"
Date: Sun, 26 Nov 2023 08:14:16 GMT
Via: 1.1 vegur

{
    "access_token": "eyJhbGciOiJIUzI1NiIsInR5cCI6IkpXVCJ9.eyJpZCI6IjY1NjJmZTU4ZTQ1ZjExMDAxNGNlOTVhZCIsImZpcnN0TmFtZSI6IlJheSIsImxhc3ROYW1lIjoiQ3VtbWVyYXRhIiwiaWF0IjoxNzAwOTg2NDU2fQ.pAxi39CxB8Pr0_KVNJLohRN9UoGd_uat4rMdUbx0AzM",
    "userID": "6562fe58e45f110014ce95ad",
    "firstName": "Ray"
}
]]></system-out>
    <system-err><![CDATA[Nov 26, 2023 11:14:14 AM org.openqa.selenium.devtools.CdpVersionFinder findNearestMatch
WARNING: Unable to find an exact match for CDP version 119, so returning the closest version found: 116
]]></system-err>
  </testcase>
</testsuite>